Analysis & Synthesis report for SerialAsynchronousReceiver
Thu Dec 06 17:06:32 2018
Quartus II 64-Bit Version 13.0.1 Build 232 06/12/2013 Service Pack 1 SJ Web Edition


---------------------
; Table of Contents ;
---------------------
  1. Legal Notice
  2. Analysis & Synthesis Summary
  3. Analysis & Synthesis Settings
  4. Parallel Compilation
  5. Analysis & Synthesis Source Files Read
  6. Analysis & Synthesis Resource Usage Summary
  7. Analysis & Synthesis Resource Utilization by Entity
  8. State Machine - |top|FSM:L0|CS
  9. User-Specified and Inferred Latches
 10. Registers Removed During Synthesis
 11. General Register Statistics
 12. Multiplexer Restructuring Statistics (Restructuring Performed)
 13. Elapsed Time Per Partition
 14. Analysis & Synthesis Messages



----------------
; Legal Notice ;
----------------
Copyright (C) 1991-2013 Altera Corporation
Your use of Altera Corporation's design tools, logic functions 
and other software and tools, and its AMPP partner logic 
functions, and any output files from any of the foregoing 
(including device programming or simulation files), and any 
associated documentation or information are expressly subject 
to the terms and conditions of the Altera Program License 
Subscription Agreement, Altera MegaCore Function License 
Agreement, or other applicable license agreement, including, 
without limitation, that your use is for the sole purpose of 
programming logic devices manufactured by Altera and sold by 
Altera or its authorized distributors.  Please refer to the 
applicable agreement for further details.



+--------------------------------------------------------------------------------------+
; Analysis & Synthesis Summary                                                         ;
+------------------------------------+-------------------------------------------------+
; Analysis & Synthesis Status        ; Successful - Thu Dec 06 17:06:32 2018           ;
; Quartus II 64-Bit Version          ; 13.0.1 Build 232 06/12/2013 SP 1 SJ Web Edition ;
; Revision Name                      ; SerialAsynchronousReceiver                      ;
; Top-level Entity Name              ; top                                             ;
; Family                             ; Cyclone IV E                                    ;
; Total logic elements               ; 40                                              ;
;     Total combinational functions  ; 20                                              ;
;     Dedicated logic registers      ; 33                                              ;
; Total registers                    ; 33                                              ;
; Total pins                         ; 15                                              ;
; Total virtual pins                 ; 0                                               ;
; Total memory bits                  ; 0                                               ;
; Embedded Multiplier 9-bit elements ; 0                                               ;
; Total PLLs                         ; 0                                               ;
+------------------------------------+-------------------------------------------------+


+------------------------------------------------------------------------------------------------------------------------------+
; Analysis & Synthesis Settings                                                                                                ;
+----------------------------------------------------------------------------+--------------------+----------------------------+
; Option                                                                     ; Setting            ; Default Value              ;
+----------------------------------------------------------------------------+--------------------+----------------------------+
; Device                                                                     ; EP4CE115F29C7      ;                            ;
; Top-level entity name                                                      ; top                ; SerialAsynchronousReceiver ;
; Family name                                                                ; Cyclone IV E       ; Cyclone IV GX              ;
; Use smart compilation                                                      ; Off                ; Off                        ;
; Enable parallel Assembler and TimeQuest Timing Analyzer during compilation ; On                 ; On                         ;
; Enable compact report table                                                ; Off                ; Off                        ;
; Restructure Multiplexers                                                   ; Auto               ; Auto                       ;
; Create Debugging Nodes for IP Cores                                        ; Off                ; Off                        ;
; Preserve fewer node names                                                  ; On                 ; On                         ;
; Disable OpenCore Plus hardware evaluation                                  ; Off                ; Off                        ;
; Verilog Version                                                            ; Verilog_2001       ; Verilog_2001               ;
; VHDL Version                                                               ; VHDL_1993          ; VHDL_1993                  ;
; State Machine Processing                                                   ; Auto               ; Auto                       ;
; Safe State Machine                                                         ; Off                ; Off                        ;
; Extract Verilog State Machines                                             ; On                 ; On                         ;
; Extract VHDL State Machines                                                ; On                 ; On                         ;
; Ignore Verilog initial constructs                                          ; Off                ; Off                        ;
; Iteration limit for constant Verilog loops                                 ; 5000               ; 5000                       ;
; Iteration limit for non-constant Verilog loops                             ; 250                ; 250                        ;
; Add Pass-Through Logic to Inferred RAMs                                    ; On                 ; On                         ;
; Infer RAMs from Raw Logic                                                  ; On                 ; On                         ;
; Parallel Synthesis                                                         ; On                 ; On                         ;
; DSP Block Balancing                                                        ; Auto               ; Auto                       ;
; NOT Gate Push-Back                                                         ; On                 ; On                         ;
; Power-Up Don't Care                                                        ; On                 ; On                         ;
; Remove Redundant Logic Cells                                               ; Off                ; Off                        ;
; Remove Duplicate Registers                                                 ; On                 ; On                         ;
; Ignore CARRY Buffers                                                       ; Off                ; Off                        ;
; Ignore CASCADE Buffers                                                     ; Off                ; Off                        ;
; Ignore GLOBAL Buffers                                                      ; Off                ; Off                        ;
; Ignore ROW GLOBAL Buffers                                                  ; Off                ; Off                        ;
; Ignore LCELL Buffers                                                       ; Off                ; Off                        ;
; Ignore SOFT Buffers                                                        ; On                 ; On                         ;
; Limit AHDL Integers to 32 Bits                                             ; Off                ; Off                        ;
; Optimization Technique                                                     ; Balanced           ; Balanced                   ;
; Carry Chain Length                                                         ; 70                 ; 70                         ;
; Auto Carry Chains                                                          ; On                 ; On                         ;
; Auto Open-Drain Pins                                                       ; On                 ; On                         ;
; Perform WYSIWYG Primitive Resynthesis                                      ; Off                ; Off                        ;
; Auto ROM Replacement                                                       ; On                 ; On                         ;
; Auto RAM Replacement                                                       ; On                 ; On                         ;
; Auto DSP Block Replacement                                                 ; On                 ; On                         ;
; Auto Shift Register Replacement                                            ; Auto               ; Auto                       ;
; Allow Shift Register Merging across Hierarchies                            ; Auto               ; Auto                       ;
; Auto Clock Enable Replacement                                              ; On                 ; On                         ;
; Strict RAM Replacement                                                     ; Off                ; Off                        ;
; Allow Synchronous Control Signals                                          ; On                 ; On                         ;
; Force Use of Synchronous Clear Signals                                     ; Off                ; Off                        ;
; Auto RAM Block Balancing                                                   ; On                 ; On                         ;
; Auto RAM to Logic Cell Conversion                                          ; Off                ; Off                        ;
; Auto Resource Sharing                                                      ; Off                ; Off                        ;
; Allow Any RAM Size For Recognition                                         ; Off                ; Off                        ;
; Allow Any ROM Size For Recognition                                         ; Off                ; Off                        ;
; Allow Any Shift Register Size For Recognition                              ; Off                ; Off                        ;
; Use LogicLock Constraints during Resource Balancing                        ; On                 ; On                         ;
; Ignore translate_off and synthesis_off directives                          ; Off                ; Off                        ;
; Timing-Driven Synthesis                                                    ; On                 ; On                         ;
; Report Parameter Settings                                                  ; On                 ; On                         ;
; Report Source Assignments                                                  ; On                 ; On                         ;
; Report Connectivity Checks                                                 ; On                 ; On                         ;
; Ignore Maximum Fan-Out Assignments                                         ; Off                ; Off                        ;
; Synchronization Register Chain Length                                      ; 2                  ; 2                          ;
; PowerPlay Power Optimization                                               ; Normal compilation ; Normal compilation         ;
; HDL message level                                                          ; Level2             ; Level2                     ;
; Suppress Register Optimization Related Messages                            ; Off                ; Off                        ;
; Number of Removed Registers Reported in Synthesis Report                   ; 5000               ; 5000                       ;
; Number of Swept Nodes Reported in Synthesis Report                         ; 5000               ; 5000                       ;
; Number of Inverted Registers Reported in Synthesis Report                  ; 100                ; 100                        ;
; Clock MUX Protection                                                       ; On                 ; On                         ;
; Auto Gated Clock Conversion                                                ; Off                ; Off                        ;
; Block Design Naming                                                        ; Auto               ; Auto                       ;
; SDC constraint protection                                                  ; Off                ; Off                        ;
; Synthesis Effort                                                           ; Auto               ; Auto                       ;
; Shift Register Replacement - Allow Asynchronous Clear Signal               ; On                 ; On                         ;
; Pre-Mapping Resynthesis Optimization                                       ; Off                ; Off                        ;
; Analysis & Synthesis Message Level                                         ; Medium             ; Medium                     ;
; Disable Register Merging Across Hierarchies                                ; Auto               ; Auto                       ;
; Resource Aware Inference For Block RAM                                     ; On                 ; On                         ;
; Synthesis Seed                                                             ; 1                  ; 1                          ;
+----------------------------------------------------------------------------+--------------------+----------------------------+


Parallel compilation was disabled, but you have multiple processors available. Enable parallel compilation to reduce compilation time.
+-------------------------------------+
; Parallel Compilation                ;
+----------------------------+--------+
; Processors                 ; Number ;
+----------------------------+--------+
; Number detected on machine ; 4      ;
; Maximum allowed            ; 1      ;
+----------------------------+--------+


+---------------------------------------------------------------------------------------------------------------------------------------------------+
; Analysis & Synthesis Source Files Read                                                                                                            ;
+----------------------------------+-----------------+-----------------+------------------------------------------------------------------+---------+
; File Name with User-Entered Path ; Used in Netlist ; File Type       ; File Name with Absolute Path                                     ; Library ;
+----------------------------------+-----------------+-----------------+------------------------------------------------------------------+---------+
; top.vhd                          ; yes             ; User VHDL File  ; Z:/nvanz078/Desktop/FinalProject/Final Project/top.vhd           ;         ;
; ShiftRegister.vhd                ; yes             ; User VHDL File  ; Z:/nvanz078/Desktop/FinalProject/Final Project/ShiftRegister.vhd ;         ;
; FSM.vhd                          ; yes             ; User VHDL File  ; Z:/nvanz078/Desktop/FinalProject/Final Project/FSM.vhd           ;         ;
; DivBy11.vhd                      ; yes             ; User VHDL File  ; Z:/nvanz078/Desktop/FinalProject/Final Project/DivBy11.vhd       ;         ;
; DataLatch.vhd                    ; yes             ; User VHDL File  ; Z:/nvanz078/Desktop/FinalProject/Final Project/DataLatch.vhd     ;         ;
+----------------------------------+-----------------+-----------------+------------------------------------------------------------------+---------+


+------------------------------------------------------------------+
; Analysis & Synthesis Resource Usage Summary                      ;
+---------------------------------------------+--------------------+
; Resource                                    ; Usage              ;
+---------------------------------------------+--------------------+
; Estimated Total logic elements              ; 40                 ;
;                                             ;                    ;
; Total combinational functions               ; 20                 ;
; Logic element usage by number of LUT inputs ;                    ;
;     -- 4 input functions                    ; 10                 ;
;     -- 3 input functions                    ; 4                  ;
;     -- <=2 input functions                  ; 6                  ;
;                                             ;                    ;
; Logic elements by mode                      ;                    ;
;     -- normal mode                          ; 20                 ;
;     -- arithmetic mode                      ; 0                  ;
;                                             ;                    ;
; Total registers                             ; 33                 ;
;     -- Dedicated logic registers            ; 33                 ;
;     -- I/O registers                        ; 0                  ;
;                                             ;                    ;
; I/O pins                                    ; 15                 ;
; Embedded Multiplier 9-bit elements          ; 0                  ;
; Maximum fan-out node                        ; FSM:L0|Selector2~1 ;
; Maximum fan-out                             ; 17                 ;
; Total fan-out                               ; 186                ;
; Average fan-out                             ; 2.24               ;
+---------------------------------------------+--------------------+


+-------------------------------------------------------------------------------------------------------------------------------------------------------------------------------+
; Analysis & Synthesis Resource Utilization by Entity                                                                                                                           ;
+----------------------------+-------------------+--------------+-------------+--------------+---------+-----------+------+--------------+-----------------------+--------------+
; Compilation Hierarchy Node ; LC Combinationals ; LC Registers ; Memory Bits ; DSP Elements ; DSP 9x9 ; DSP 18x18 ; Pins ; Virtual Pins ; Full Hierarchy Name   ; Library Name ;
+----------------------------+-------------------+--------------+-------------+--------------+---------+-----------+------+--------------+-----------------------+--------------+
; |top                       ; 20 (0)            ; 33 (0)       ; 0           ; 0            ; 0       ; 0         ; 15   ; 0            ; |top                  ; work         ;
;    |DataLatch:L3|          ; 0 (0)             ; 8 (8)        ; 0           ; 0            ; 0       ; 0         ; 0    ; 0            ; |top|DataLatch:L3     ; work         ;
;    |DivBy11:L1|            ; 5 (5)             ; 5 (5)        ; 0           ; 0            ; 0       ; 0         ; 0    ; 0            ; |top|DivBy11:L1       ; work         ;
;    |FSM:L0|                ; 15 (15)           ; 9 (9)        ; 0           ; 0            ; 0       ; 0         ; 0    ; 0            ; |top|FSM:L0           ; work         ;
;    |shiftregister:L2|      ; 0 (0)             ; 11 (11)      ; 0           ; 0            ; 0       ; 0         ; 0    ; 0            ; |top|shiftregister:L2 ; work         ;
+----------------------------+-------------------+--------------+-------------+--------------+---------+-----------+------+--------------+-----------------------+--------------+
Note: For table entries with two numbers listed, the numbers in parentheses indicate the number of resources of the given type used by the specific entity alone. The numbers listed outside of parentheses indicate the total resources of the given type used by the specific entity and all of its sub-entities in the hierarchy.


Encoding Type:  One-Hot
+-------------------------------------------------------+
; State Machine - |top|FSM:L0|CS                        ;
+-------+-------+-------+-------+-------+-------+-------+
; Name  ; CS.s5 ; CS.s4 ; CS.s3 ; CS.s2 ; CS.s1 ; CS.s0 ;
+-------+-------+-------+-------+-------+-------+-------+
; CS.s0 ; 0     ; 0     ; 0     ; 0     ; 0     ; 0     ;
; CS.s1 ; 0     ; 0     ; 0     ; 0     ; 1     ; 1     ;
; CS.s2 ; 0     ; 0     ; 0     ; 1     ; 0     ; 1     ;
; CS.s3 ; 0     ; 0     ; 1     ; 0     ; 0     ; 1     ;
; CS.s4 ; 0     ; 1     ; 0     ; 0     ; 0     ; 1     ;
; CS.s5 ; 1     ; 0     ; 0     ; 0     ; 0     ; 1     ;
+-------+-------+-------+-------+-------+-------+-------+


+---------------------------------------------------------------------------------------------------+
; User-Specified and Inferred Latches                                                               ;
+----------------------------------------------------+---------------------+------------------------+
; Latch Name                                         ; Latch Enable Signal ; Free of Timing Hazards ;
+----------------------------------------------------+---------------------+------------------------+
; FSM:L0|dataReady                                   ; FSM:L0|CS.s1        ; yes                    ;
; Number of user-specified and inferred latches = 1  ;                     ;                        ;
+----------------------------------------------------+---------------------+------------------------+
Note: All latches listed above may not be present at the end of synthesis due to various synthesis optimizations.


+------------------------------------------------------------+
; Registers Removed During Synthesis                         ;
+---------------------------------------+--------------------+
; Register name                         ; Reason for Removal ;
+---------------------------------------+--------------------+
; FSM:L0|CS.s0                          ; Lost fanout        ;
; Total Number of Removed Registers = 1 ;                    ;
+---------------------------------------+--------------------+


+------------------------------------------------------+
; General Register Statistics                          ;
+----------------------------------------------+-------+
; Statistic                                    ; Value ;
+----------------------------------------------+-------+
; Total registers                              ; 33    ;
; Number of registers using Synchronous Clear  ; 0     ;
; Number of registers using Synchronous Load   ; 0     ;
; Number of registers using Asynchronous Clear ; 33    ;
; Number of registers using Asynchronous Load  ; 0     ;
; Number of registers using Clock Enable       ; 0     ;
; Number of registers using Preset             ; 0     ;
+----------------------------------------------+-------+


+------------------------------------------------------------------------------------------------------------------------------------------+
; Multiplexer Restructuring Statistics (Restructuring Performed)                                                                           ;
+--------------------+-----------+---------------+----------------------+------------------------+------------+----------------------------+
; Multiplexer Inputs ; Bus Width ; Baseline Area ; Area if Restructured ; Saving if Restructured ; Registered ; Example Multiplexer Output ;
+--------------------+-----------+---------------+----------------------+------------------------+------------+----------------------------+
; 4:1                ; 2 bits    ; 4 LEs         ; 4 LEs                ; 0 LEs                  ; No         ; |top|FSM:L0|Selector2      ;
+--------------------+-----------+---------------+----------------------+------------------------+------------+----------------------------+


+-------------------------------+
; Elapsed Time Per Partition    ;
+----------------+--------------+
; Partition Name ; Elapsed Time ;
+----------------+--------------+
; Top            ; 00:00:00     ;
+----------------+--------------+


+-------------------------------+
; Analysis & Synthesis Messages ;
+-------------------------------+
Info: *******************************************************************
Info: Running Quartus II 64-Bit Analysis & Synthesis
    Info: Version 13.0.1 Build 232 06/12/2013 Service Pack 1 SJ Web Edition
    Info: Processing started: Thu Dec 06 17:06:27 2018
Info: Command: quartus_map --read_settings_files=on --write_settings_files=off SerialAsynchronousReceiver -c SerialAsynchronousReceiver
Warning (20028): Parallel compilation is not licensed and has been disabled
Info (12021): Found 2 design units, including 1 entities, in source file demolayer.vhd
    Info (12022): Found design unit 1: DemoLayer-DemoLayer_stru
    Info (12023): Found entity 1: DemoLayer
Info (12021): Found 2 design units, including 1 entities, in source file top.vhd
    Info (12022): Found design unit 1: top-top_stru
    Info (12023): Found entity 1: top
Info (12021): Found 2 design units, including 1 entities, in source file shiftregister.vhd
    Info (12022): Found design unit 1: shiftregister-srarch
    Info (12023): Found entity 1: shiftregister
Info (12021): Found 2 design units, including 1 entities, in source file fsm.vhd
    Info (12022): Found design unit 1: FSM-fsmarch
    Info (12023): Found entity 1: FSM
Info (12021): Found 2 design units, including 1 entities, in source file divby11.vhd
    Info (12022): Found design unit 1: DivBy11-divarch
    Info (12023): Found entity 1: DivBy11
Info (12021): Found 2 design units, including 1 entities, in source file datalatch.vhd
    Info (12022): Found design unit 1: DataLatch-dlarch
    Info (12023): Found entity 1: DataLatch
Info (12021): Found 2 design units, including 1 entities, in source file demotop.vhd
    Info (12022): Found design unit 1: DemoTop-DemoTop_stru
    Info (12023): Found entity 1: DemoTop
Info (12127): Elaborating entity "top" for the top level hierarchy
Info (12128): Elaborating entity "FSM" for hierarchy "FSM:L0"
Warning (10492): VHDL Process Statement warning at FSM.vhd(36): signal "dataReady" is read inside the Process Statement but isn't in the Process Statement's sensitivity list
Warning (10492): VHDL Process Statement warning at FSM.vhd(49): signal "st" is read inside the Process Statement but isn't in the Process Statement's sensitivity list
Warning (10492): VHDL Process Statement warning at FSM.vhd(49): signal "enable" is read inside the Process Statement but isn't in the Process Statement's sensitivity list
Warning (10492): VHDL Process Statement warning at FSM.vhd(62): signal "rxf" is read inside the Process Statement but isn't in the Process Statement's sensitivity list
Warning (10492): VHDL Process Statement warning at FSM.vhd(66): signal "enable" is read inside the Process Statement but isn't in the Process Statement's sensitivity list
Warning (10492): VHDL Process Statement warning at FSM.vhd(79): signal "ed" is read inside the Process Statement but isn't in the Process Statement's sensitivity list
Warning (10492): VHDL Process Statement warning at FSM.vhd(89): signal "ack" is read inside the Process Statement but isn't in the Process Statement's sensitivity list
Warning (10631): VHDL Process Statement warning at FSM.vhd(34): inferring latch(es) for signal or variable "dataReady", which holds its previous value in one or more paths through the process
Warning (10492): VHDL Process Statement warning at FSM.vhd(113): signal "clkAdjust" is read inside the Process Statement but isn't in the Process Statement's sensitivity list
Warning (10492): VHDL Process Statement warning at FSM.vhd(116): signal "clkAdjust" is read inside the Process Statement but isn't in the Process Statement's sensitivity list
Info (10041): Inferred latch for "dataReady" at FSM.vhd(34)
Info (12128): Elaborating entity "DivBy11" for hierarchy "DivBy11:L1"
Info (12128): Elaborating entity "shiftregister" for hierarchy "shiftregister:L2"
Warning (10541): VHDL Signal Declaration warning at ShiftRegister.vhd(10): used implicit default value for signal "rxo" because signal was never assigned a value or an explicit default value. Use of implicit default value may introduce unintended design optimizations.
Info (12128): Elaborating entity "DataLatch" for hierarchy "DataLatch:L3"
Info (286030): Timing-Driven Synthesis is running
Info (17049): 1 registers lost all their fanouts during netlist optimizations.
Info (16010): Generating hard_block partition "hard_block:auto_generated_inst"
    Info (16011): Adding 0 node(s), including 0 DDIO, 0 PLL, 0 transceiver and 0 LCELL
Info (21057): Implemented 57 device resources after synthesis - the final resource count might be different
    Info (21058): Implemented 5 input pins
    Info (21059): Implemented 10 output pins
    Info (21061): Implemented 42 logic cells
Info: Quartus II 64-Bit Analysis & Synthesis was successful. 0 errors, 12 warnings
    Info: Peak virtual memory: 521 megabytes
    Info: Processing ended: Thu Dec 06 17:06:32 2018
    Info: Elapsed time: 00:00:05
    Info: Total CPU time (on all processors): 00:00:04


